<?xml version="1.0" encoding="UTF-8"?>
<testsuite xmlns:xsi="http://www.w3.org/2001/XMLSchema-instance" xsi:schemaLocation="https://maven.apache.org/surefire/maven-surefire-plugin/xsd/surefire-test-report.xsd" name="com.unipampa.edu.model.ExerciciobancoTest" time="0.268" tests="12" errors="12" skipped="0" failures="0">
  <properties>
    <property name="java.runtime.name" value="OpenJDK Runtime Environment"/>
    <property name="sun.boot.library.path" value="/usr/lib/jvm/java-8-openjdk-amd64/jre/lib/amd64"/>
    <property name="java.vm.version" value="25.222-b10"/>
    <property name="java.vm.vendor" value="Private Build"/>
    <property name="java.vendor.url" value="http://java.oracle.com/"/>
    <property name="path.separator" value=":"/>
    <property name="guice.disable.misplaced.annotation.check" value="true"/>
    <property name="java.vm.name" value="OpenJDK 64-Bit Server VM"/>
    <property name="file.encoding.pkg" value="sun.io"/>
    <property name="user.country" value="BR"/>
    <property name="sun.java.launcher" value="SUN_STANDARD"/>
    <property name="sun.os.patch.level" value="unknown"/>
    <property name="java.vm.specification.name" value="Java Virtual Machine Specification"/>
    <property name="user.dir" value="/home/heraclitoserver/Arquivos/HeraclitoNew"/>
    <property name="java.runtime.version" value="1.8.0_222-8u222-b10-1ubuntu1~16.04.1-b10"/>
    <property name="java.awt.graphicsenv" value="sun.awt.X11GraphicsEnvironment"/>
    <property name="java.endorsed.dirs" value="/usr/lib/jvm/java-8-openjdk-amd64/jre/lib/endorsed"/>
    <property name="os.arch" value="amd64"/>
    <property name="java.io.tmpdir" value="/tmp"/>
    <property name="line.separator" value="&#10;"/>
    <property name="java.vm.specification.vendor" value="Oracle Corporation"/>
    <property name="os.name" value="Linux"/>
    <property name="maven.ext.class.path" value="/usr/local/netbeans-8.1/java/maven-nblib/netbeans-eventspy.jar"/>
    <property name="classworlds.conf" value="/usr/local/netbeans-8.1/java/maven/bin/m2.conf"/>
    <property name="sun.jnu.encoding" value="UTF-8"/>
    <property name="java.library.path" value="/usr/lib/jvm/java-8-openjdk-amd64/jre/lib/amd64:/usr/lib/jvm/java-8-openjdk-amd64/jre/lib/i386::/usr/java/packages/lib/amd64:/usr/lib/x86_64-linux-gnu/jni:/lib/x86_64-linux-gnu:/usr/lib/x86_64-linux-gnu:/usr/lib/jni:/lib:/usr/lib"/>
    <property name="java.specification.name" value="Java Platform API Specification"/>
    <property name="java.class.version" value="52.0"/>
    <property name="sun.management.compiler" value="HotSpot 64-Bit Tiered Compilers"/>
    <property name="os.version" value="4.15.0-66-generic"/>
    <property name="user.home" value="/home/heraclitoserver"/>
    <property name="user.timezone" value="America/Sao_Paulo"/>
    <property name="java.awt.printerjob" value="sun.print.PSPrinterJob"/>
    <property name="file.encoding" value="UTF-8"/>
    <property name="java.specification.version" value="1.8"/>
    <property name="user.name" value="heraclitoserver"/>
    <property name="java.class.path" value="/usr/local/netbeans-8.1/java/maven/boot/plexus-classworlds-2.4.jar"/>
    <property name="java.vm.specification.version" value="1.8"/>
    <property name="sun.arch.data.model" value="64"/>
    <property name="java.home" value="/usr/lib/jvm/java-8-openjdk-amd64/jre"/>
    <property name="sun.java.command" value="org.codehaus.plexus.classworlds.launcher.Launcher -Dmaven.ext.class.path=/usr/local/netbeans-8.1/java/maven-nblib/netbeans-eventspy.jar clean install"/>
    <property name="java.specification.vendor" value="Oracle Corporation"/>
    <property name="user.language" value="pt"/>
    <property name="awt.toolkit" value="sun.awt.X11.XToolkit"/>
    <property name="java.vm.info" value="mixed mode"/>
    <property name="java.version" value="1.8.0_222"/>
    <property name="java.ext.dirs" value="/usr/lib/jvm/java-8-openjdk-amd64/jre/lib/ext:/usr/java/packages/lib/ext"/>
    <property name="securerandom.source" value="file:/dev/./urandom"/>
    <property name="sun.boot.class.path" value="/usr/lib/jvm/java-8-openjdk-amd64/jre/lib/resources.jar:/usr/lib/jvm/java-8-openjdk-amd64/jre/lib/rt.jar:/usr/lib/jvm/java-8-openjdk-amd64/jre/lib/sunrsasign.jar:/usr/lib/jvm/java-8-openjdk-amd64/jre/lib/jsse.jar:/usr/lib/jvm/java-8-openjdk-amd64/jre/lib/jce.jar:/usr/lib/jvm/java-8-openjdk-amd64/jre/lib/charsets.jar:/usr/lib/jvm/java-8-openjdk-amd64/jre/lib/jfr.jar:/usr/lib/jvm/java-8-openjdk-amd64/jre/classes"/>
    <property name="java.vendor" value="Private Build"/>
    <property name="maven.home" value="/usr/local/netbeans-8.1/java/maven"/>
    <property name="file.separator" value="/"/>
    <property name="java.vendor.url.bug" value="http://bugreport.sun.com/bugreport/"/>
    <property name="sun.cpu.endian" value="little"/>
    <property name="sun.io.unicode.encoding" value="UnicodeLittle"/>
    <property name="sun.desktop" value="gnome"/>
    <property name="sun.cpu.isalist" value=""/>
  </properties>
  <testcase name="testGetAjuda" classname="com.unipampa.edu.model.ExerciciobancoTest" time="0.013">
    <error type="java.lang.NullPointerException">java.lang.NullPointerException
	at com.unipampa.edu.model.ExerciciobancoTest.testGetAjuda(ExerciciobancoTest.java:63)
</error>
    <system-out><![CDATA[getAjuda
]]></system-out>
  </testcase>
  <testcase name="testGetInico" classname="com.unipampa.edu.model.ExerciciobancoTest" time="0.001">
    <error type="java.lang.NullPointerException">java.lang.NullPointerException
	at com.unipampa.edu.model.ExerciciobancoTest.testGetInico(ExerciciobancoTest.java:101)
</error>
    <system-out><![CDATA[getInico
]]></system-out>
  </testcase>
  <testcase name="testGetId" classname="com.unipampa.edu.model.ExerciciobancoTest" time="0.001">
    <error type="java.lang.NullPointerException">java.lang.NullPointerException
	at com.unipampa.edu.model.ExerciciobancoTest.testGetId(ExerciciobancoTest.java:25)
</error>
    <system-out><![CDATA[getId
]]></system-out>
  </testcase>
  <testcase name="testSetId" classname="com.unipampa.edu.model.ExerciciobancoTest" time="0">
    <error type="java.lang.NullPointerException">java.lang.NullPointerException
	at com.unipampa.edu.model.ExerciciobancoTest.testSetId(ExerciciobancoTest.java:35)
</error>
    <system-out><![CDATA[setId
]]></system-out>
  </testcase>
  <testcase name="testSetCorreto" classname="com.unipampa.edu.model.ExerciciobancoTest" time="0">
    <error type="java.lang.NullPointerException">java.lang.NullPointerException
	at com.unipampa.edu.model.ExerciciobancoTest.testSetCorreto(ExerciciobancoTest.java:54)
</error>
    <system-out><![CDATA[setCorreto
]]></system-out>
  </testcase>
  <testcase name="testGetFromula" classname="com.unipampa.edu.model.ExerciciobancoTest" time="0.001">
    <error type="java.lang.NullPointerException">java.lang.NullPointerException
	at com.unipampa.edu.model.ExerciciobancoTest.testGetFromula(ExerciciobancoTest.java:82)
</error>
    <system-out><![CDATA[getFromula
]]></system-out>
  </testcase>
  <testcase name="testGetCorreto" classname="com.unipampa.edu.model.ExerciciobancoTest" time="0.001">
    <error type="java.lang.NullPointerException">java.lang.NullPointerException
	at com.unipampa.edu.model.ExerciciobancoTest.testGetCorreto(ExerciciobancoTest.java:44)
</error>
    <system-out><![CDATA[getCorreto
]]></system-out>
  </testcase>
  <testcase name="testGetFim" classname="com.unipampa.edu.model.ExerciciobancoTest" time="0.001">
    <error type="java.lang.NullPointerException">java.lang.NullPointerException
	at com.unipampa.edu.model.ExerciciobancoTest.testGetFim(ExerciciobancoTest.java:120)
</error>
    <system-out><![CDATA[getFim
]]></system-out>
  </testcase>
  <testcase name="testSetFromula" classname="com.unipampa.edu.model.ExerciciobancoTest" time="0.001">
    <error type="java.lang.NullPointerException">java.lang.NullPointerException
	at com.unipampa.edu.model.ExerciciobancoTest.testSetFromula(ExerciciobancoTest.java:92)
</error>
    <system-out><![CDATA[setFromula
]]></system-out>
  </testcase>
  <testcase name="testSetFim" classname="com.unipampa.edu.model.ExerciciobancoTest" time="0">
    <error type="java.lang.NullPointerException">java.lang.NullPointerException
	at com.unipampa.edu.model.ExerciciobancoTest.testSetFim(ExerciciobancoTest.java:130)
</error>
    <system-out><![CDATA[setFim
]]></system-out>
  </testcase>
  <testcase name="testSetAjuda" classname="com.unipampa.edu.model.ExerciciobancoTest" time="0">
    <error type="java.lang.NullPointerException">java.lang.NullPointerException
	at com.unipampa.edu.model.ExerciciobancoTest.testSetAjuda(ExerciciobancoTest.java:73)
</error>
    <system-out><![CDATA[setAjuda
]]></system-out>
  </testcase>
  <testcase name="testSetInico" classname="com.unipampa.edu.model.ExerciciobancoTest" time="0">
    <error type="java.lang.NullPointerException">java.lang.NullPointerException
	at com.unipampa.edu.model.ExerciciobancoTest.testSetInico(ExerciciobancoTest.java:111)
</error>
    <system-out><![CDATA[setInico
]]></system-out>
  </testcase>
</testsuite>